

Microchip MPLAB XC8 Assembler V2.32 build 20210201212658 
                                                                                               Tue Feb 15 23:38:59 2022

Microchip MPLAB XC8 C Compiler v2.32 (Free license) build 20210201212658 Og1 
     1                           	processor	16F887
     2                           	pagewidth 120
     3                           	opt	flic
     4                           	psect	cinit,global,class=CODE,merge=1,delta=2
     5                           	psect	bssCOMMON,global,class=COMMON,space=1,delta=1,noexec
     6                           	psect	cstackCOMMON,global,class=COMMON,space=1,delta=1,noexec
     7                           	psect	cstackBANK0,global,class=BANK0,space=1,delta=1,noexec
     8                           	psect	maintext,global,class=CODE,split=1,delta=2
     9                           	psect	text1,local,class=CODE,merge=1,delta=2
    10                           	psect	text2,local,class=CODE,merge=1,delta=2
    11                           	psect	text3,local,class=CODE,merge=1,delta=2
    12                           	psect	text4,local,class=CODE,merge=1,delta=2
    13                           	psect	text5,local,class=CODE,merge=1,delta=2
    14                           	psect	text6,local,class=CODE,merge=1,delta=2
    15                           	psect	intentry,global,class=CODE,delta=2
    16                           	psect	text7,local,class=CODE,merge=1,delta=2
    17                           	psect	text8,local,class=CODE,merge=1,delta=2
    18                           	psect	config,global,abs,ovrld,class=CONFIG,space=4,delta=2,noexec
    19                           	dabs	1,0x7E,2
    20  0000                     
    21                           ; Version 2.20
    22                           ; Generated 12/02/2020 GMT
    23                           ; 
    24                           ; Copyright © 2020, Microchip Technology Inc. and its subsidiaries ("Microchip")
    25                           ; All rights reserved.
    26                           ; 
    27                           ; This software is developed by Microchip Technology Inc. and its subsidiaries ("Microch
      +                          ip").
    28                           ; 
    29                           ; Redistribution and use in source and binary forms, with or without modification, are
    30                           ; permitted provided that the following conditions are met:
    31                           ; 
    32                           ;     1. Redistributions of source code must retain the above copyright notice, this lis
      +                          t of
    33                           ;        conditions and the following disclaimer.
    34                           ; 
    35                           ;     2. Redistributions in binary form must reproduce the above copyright notice, this 
      +                          list
    36                           ;        of conditions and the following disclaimer in the documentation and/or other
    37                           ;        materials provided with the distribution.
    38                           ; 
    39                           ;     3. Microchip's name may not be used to endorse or promote products derived from th
      +                          is
    40                           ;        software without specific prior written permission.
    41                           ; 
    42                           ; THIS SOFTWARE IS PROVIDED BY MICROCHIP "AS IS" AND ANY EXPRESS OR IMPLIED WARRANTIES,
    43                           ; INCLUDING, BUT NOT LIMITED TO, THE IMPLIED WARRANTIES OF MERCHANTABILITY AND FITNESS F
      +                          OR
    44                           ; PURPOSE ARE DISCLAIMED.  IN NO EVENT SHALL MICROCHIP BE LIABLE FOR ANY DIRECT, INDIREC
      +                          T,
    45                           ; INCIDENTAL, SPECIAL, EXEMPLARY, OR CONSEQUENTIAL DAMAGES (INCLUDING BUT NOT LIMITED TO
    46                           ; PROCUREMENT OF SUBSTITUTE GOODS OR SERVICES; LOSS OF USE, DATA OR PROFITS; OR BUSINESS
    47                           ; INTERRUPTION) HOWSOEVER CAUSED AND ON ANY THEORY OF LIABILITY, WHETHER IN CONTRACT, ST
      +                          RICT
    48                           ; LIABILITY, OR TORT (INCLUDING NEGLIGENCE OR OTHERWISE) ARISING IN ANY WAY OUT OF THE U
      +                          SE OF
    49                           ; THIS SOFTWARE, EVEN IF ADVISED OF THE POSSIBILITY OF SUCH DAMAGE.
    50                           ; 
    51                           ; 
    52                           ; Code-generator required, PIC16F887 Definitions
    53                           ; 
    54                           ; SFR Addresses
    55  0000                     	;# 
    56  0001                     	;# 
    57  0002                     	;# 
    58  0003                     	;# 
    59  0004                     	;# 
    60  0005                     	;# 
    61  0006                     	;# 
    62  0007                     	;# 
    63  0008                     	;# 
    64  0009                     	;# 
    65  000A                     	;# 
    66  000B                     	;# 
    67  000C                     	;# 
    68  000D                     	;# 
    69  000E                     	;# 
    70  000E                     	;# 
    71  000F                     	;# 
    72  0010                     	;# 
    73  0011                     	;# 
    74  0012                     	;# 
    75  0013                     	;# 
    76  0014                     	;# 
    77  0015                     	;# 
    78  0015                     	;# 
    79  0016                     	;# 
    80  0017                     	;# 
    81  0018                     	;# 
    82  0019                     	;# 
    83  001A                     	;# 
    84  001B                     	;# 
    85  001B                     	;# 
    86  001C                     	;# 
    87  001D                     	;# 
    88  001E                     	;# 
    89  001F                     	;# 
    90  0081                     	;# 
    91  0085                     	;# 
    92  0086                     	;# 
    93  0087                     	;# 
    94  0088                     	;# 
    95  0089                     	;# 
    96  008C                     	;# 
    97  008D                     	;# 
    98  008E                     	;# 
    99  008F                     	;# 
   100  0090                     	;# 
   101  0091                     	;# 
   102  0092                     	;# 
   103  0093                     	;# 
   104  0093                     	;# 
   105  0093                     	;# 
   106  0094                     	;# 
   107  0095                     	;# 
   108  0096                     	;# 
   109  0097                     	;# 
   110  0098                     	;# 
   111  0099                     	;# 
   112  009A                     	;# 
   113  009B                     	;# 
   114  009C                     	;# 
   115  009D                     	;# 
   116  009E                     	;# 
   117  009F                     	;# 
   118  0105                     	;# 
   119  0107                     	;# 
   120  0108                     	;# 
   121  0109                     	;# 
   122  010C                     	;# 
   123  010C                     	;# 
   124  010D                     	;# 
   125  010E                     	;# 
   126  010F                     	;# 
   127  0185                     	;# 
   128  0187                     	;# 
   129  0188                     	;# 
   130  0189                     	;# 
   131  018C                     	;# 
   132  018D                     	;# 
   133  0000                     	;# 
   134  0001                     	;# 
   135  0002                     	;# 
   136  0003                     	;# 
   137  0004                     	;# 
   138  0005                     	;# 
   139  0006                     	;# 
   140  0007                     	;# 
   141  0008                     	;# 
   142  0009                     	;# 
   143  000A                     	;# 
   144  000B                     	;# 
   145  000C                     	;# 
   146  000D                     	;# 
   147  000E                     	;# 
   148  000E                     	;# 
   149  000F                     	;# 
   150  0010                     	;# 
   151  0011                     	;# 
   152  0012                     	;# 
   153  0013                     	;# 
   154  0014                     	;# 
   155  0015                     	;# 
   156  0015                     	;# 
   157  0016                     	;# 
   158  0017                     	;# 
   159  0018                     	;# 
   160  0019                     	;# 
   161  001A                     	;# 
   162  001B                     	;# 
   163  001B                     	;# 
   164  001C                     	;# 
   165  001D                     	;# 
   166  001E                     	;# 
   167  001F                     	;# 
   168  0081                     	;# 
   169  0085                     	;# 
   170  0086                     	;# 
   171  0087                     	;# 
   172  0088                     	;# 
   173  0089                     	;# 
   174  008C                     	;# 
   175  008D                     	;# 
   176  008E                     	;# 
   177  008F                     	;# 
   178  0090                     	;# 
   179  0091                     	;# 
   180  0092                     	;# 
   181  0093                     	;# 
   182  0093                     	;# 
   183  0093                     	;# 
   184  0094                     	;# 
   185  0095                     	;# 
   186  0096                     	;# 
   187  0097                     	;# 
   188  0098                     	;# 
   189  0099                     	;# 
   190  009A                     	;# 
   191  009B                     	;# 
   192  009C                     	;# 
   193  009D                     	;# 
   194  009E                     	;# 
   195  009F                     	;# 
   196  0105                     	;# 
   197  0107                     	;# 
   198  0108                     	;# 
   199  0109                     	;# 
   200  010C                     	;# 
   201  010C                     	;# 
   202  010D                     	;# 
   203  010E                     	;# 
   204  010F                     	;# 
   205  0185                     	;# 
   206  0187                     	;# 
   207  0188                     	;# 
   208  0189                     	;# 
   209  018C                     	;# 
   210  018D                     	;# 
   211  0000                     	;# 
   212  0001                     	;# 
   213  0002                     	;# 
   214  0003                     	;# 
   215  0004                     	;# 
   216  0005                     	;# 
   217  0006                     	;# 
   218  0007                     	;# 
   219  0008                     	;# 
   220  0009                     	;# 
   221  000A                     	;# 
   222  000B                     	;# 
   223  000C                     	;# 
   224  000D                     	;# 
   225  000E                     	;# 
   226  000E                     	;# 
   227  000F                     	;# 
   228  0010                     	;# 
   229  0011                     	;# 
   230  0012                     	;# 
   231  0013                     	;# 
   232  0014                     	;# 
   233  0015                     	;# 
   234  0015                     	;# 
   235  0016                     	;# 
   236  0017                     	;# 
   237  0018                     	;# 
   238  0019                     	;# 
   239  001A                     	;# 
   240  001B                     	;# 
   241  001B                     	;# 
   242  001C                     	;# 
   243  001D                     	;# 
   244  001E                     	;# 
   245  001F                     	;# 
   246  0081                     	;# 
   247  0085                     	;# 
   248  0086                     	;# 
   249  0087                     	;# 
   250  0088                     	;# 
   251  0089                     	;# 
   252  008C                     	;# 
   253  008D                     	;# 
   254  008E                     	;# 
   255  008F                     	;# 
   256  0090                     	;# 
   257  0091                     	;# 
   258  0092                     	;# 
   259  0093                     	;# 
   260  0093                     	;# 
   261  0093                     	;# 
   262  0094                     	;# 
   263  0095                     	;# 
   264  0096                     	;# 
   265  0097                     	;# 
   266  0098                     	;# 
   267  0099                     	;# 
   268  009A                     	;# 
   269  009B                     	;# 
   270  009C                     	;# 
   271  009D                     	;# 
   272  009E                     	;# 
   273  009F                     	;# 
   274  0105                     	;# 
   275  0107                     	;# 
   276  0108                     	;# 
   277  0109                     	;# 
   278  010C                     	;# 
   279  010C                     	;# 
   280  010D                     	;# 
   281  010E                     	;# 
   282  010F                     	;# 
   283  0185                     	;# 
   284  0187                     	;# 
   285  0188                     	;# 
   286  0189                     	;# 
   287  018C                     	;# 
   288  018D                     	;# 
   289  0000                     	;# 
   290  0001                     	;# 
   291  0002                     	;# 
   292  0003                     	;# 
   293  0004                     	;# 
   294  0005                     	;# 
   295  0006                     	;# 
   296  0007                     	;# 
   297  0008                     	;# 
   298  0009                     	;# 
   299  000A                     	;# 
   300  000B                     	;# 
   301  000C                     	;# 
   302  000D                     	;# 
   303  000E                     	;# 
   304  000E                     	;# 
   305  000F                     	;# 
   306  0010                     	;# 
   307  0011                     	;# 
   308  0012                     	;# 
   309  0013                     	;# 
   310  0014                     	;# 
   311  0015                     	;# 
   312  0015                     	;# 
   313  0016                     	;# 
   314  0017                     	;# 
   315  0018                     	;# 
   316  0019                     	;# 
   317  001A                     	;# 
   318  001B                     	;# 
   319  001B                     	;# 
   320  001C                     	;# 
   321  001D                     	;# 
   322  001E                     	;# 
   323  001F                     	;# 
   324  0081                     	;# 
   325  0085                     	;# 
   326  0086                     	;# 
   327  0087                     	;# 
   328  0088                     	;# 
   329  0089                     	;# 
   330  008C                     	;# 
   331  008D                     	;# 
   332  008E                     	;# 
   333  008F                     	;# 
   334  0090                     	;# 
   335  0091                     	;# 
   336  0092                     	;# 
   337  0093                     	;# 
   338  0093                     	;# 
   339  0093                     	;# 
   340  0094                     	;# 
   341  0095                     	;# 
   342  0096                     	;# 
   343  0097                     	;# 
   344  0098                     	;# 
   345  0099                     	;# 
   346  009A                     	;# 
   347  009B                     	;# 
   348  009C                     	;# 
   349  009D                     	;# 
   350  009E                     	;# 
   351  009F                     	;# 
   352  0105                     	;# 
   353  0107                     	;# 
   354  0108                     	;# 
   355  0109                     	;# 
   356  010C                     	;# 
   357  010C                     	;# 
   358  010D                     	;# 
   359  010E                     	;# 
   360  010F                     	;# 
   361  0185                     	;# 
   362  0187                     	;# 
   363  0188                     	;# 
   364  0189                     	;# 
   365  018C                     	;# 
   366  018D                     	;# 
   367  0000                     	;# 
   368  0001                     	;# 
   369  0002                     	;# 
   370  0003                     	;# 
   371  0004                     	;# 
   372  0005                     	;# 
   373  0006                     	;# 
   374  0007                     	;# 
   375  0008                     	;# 
   376  0009                     	;# 
   377  000A                     	;# 
   378  000B                     	;# 
   379  000C                     	;# 
   380  000D                     	;# 
   381  000E                     	;# 
   382  000E                     	;# 
   383  000F                     	;# 
   384  0010                     	;# 
   385  0011                     	;# 
   386  0012                     	;# 
   387  0013                     	;# 
   388  0014                     	;# 
   389  0015                     	;# 
   390  0015                     	;# 
   391  0016                     	;# 
   392  0017                     	;# 
   393  0018                     	;# 
   394  0019                     	;# 
   395  001A                     	;# 
   396  001B                     	;# 
   397  001B                     	;# 
   398  001C                     	;# 
   399  001D                     	;# 
   400  001E                     	;# 
   401  001F                     	;# 
   402  0081                     	;# 
   403  0085                     	;# 
   404  0086                     	;# 
   405  0087                     	;# 
   406  0088                     	;# 
   407  0089                     	;# 
   408  008C                     	;# 
   409  008D                     	;# 
   410  008E                     	;# 
   411  008F                     	;# 
   412  0090                     	;# 
   413  0091                     	;# 
   414  0092                     	;# 
   415  0093                     	;# 
   416  0093                     	;# 
   417  0093                     	;# 
   418  0094                     	;# 
   419  0095                     	;# 
   420  0096                     	;# 
   421  0097                     	;# 
   422  0098                     	;# 
   423  0099                     	;# 
   424  009A                     	;# 
   425  009B                     	;# 
   426  009C                     	;# 
   427  009D                     	;# 
   428  009E                     	;# 
   429  009F                     	;# 
   430  0105                     	;# 
   431  0107                     	;# 
   432  0108                     	;# 
   433  0109                     	;# 
   434  010C                     	;# 
   435  010C                     	;# 
   436  010D                     	;# 
   437  010E                     	;# 
   438  010F                     	;# 
   439  0185                     	;# 
   440  0187                     	;# 
   441  0188                     	;# 
   442  0189                     	;# 
   443  018C                     	;# 
   444  018D                     	;# 
   445  0013                     _SSPBUF	set	19
   446  0014                     _SSPCON	set	20
   447  001E                     _ADRESH	set	30
   448  000B                     _INTCONbits	set	11
   449  0006                     _PORTB	set	6
   450  0009                     _PORTE	set	9
   451  0008                     _PORTD	set	8
   452  001F                     _ADCON0bits	set	31
   453  000C                     _PIR1bits	set	12
   454  0063                     _SSPIF	set	99
   455  0094                     _SSPSTATbits	set	148
   456  0094                     _SSPSTAT	set	148
   457  008F                     _OSCCONbits	set	143
   458  009F                     _ADCON1bits	set	159
   459  008C                     _PIE1bits	set	140
   460  0085                     _TRISAbits	set	133
   461  0089                     _TRISE	set	137
   462  0088                     _TRISD	set	136
   463  0086                     _TRISB	set	134
   464  0085                     _TRISA	set	133
   465  043B                     _TRISC3	set	1083
   466  043D                     _TRISC5	set	1085
   467  0189                     _ANSELH	set	393
   468  0188                     _ANSEL	set	392
   469                           
   470                           	psect	cinit
   471  000F                     start_initialization:	
   472                           ; #config settings
   473                           
   474  000F                     __initialization:
   475                           
   476                           ; Clear objects allocated to COMMON
   477  000F  01F6               	clrf	__pbssCOMMON& (0+127)
   478  0010  01F7               	clrf	(__pbssCOMMON+1)& (0+127)
   479  0011  01F8               	clrf	(__pbssCOMMON+2)& (0+127)
   480  0012  01F9               	clrf	(__pbssCOMMON+3)& (0+127)
   481  0013  01FA               	clrf	(__pbssCOMMON+4)& (0+127)
   482  0014                     end_of_initialization:	
   483                           ;End of C runtime variable initialization code
   484                           
   485  0014                     __end_of__initialization:
   486  0014  0183               	clrf	3
   487  0015  120A  118A  292C   	ljmp	_main	;jump to C main() function
   488                           
   489                           	psect	bssCOMMON
   490  0076                     __pbssCOMMON:
   491  0076                     _cen:
   492  0076                     	ds	1
   493  0077                     _dec:
   494  0077                     	ds	1
   495  0078                     _uni:
   496  0078                     	ds	1
   497  0079                     _cont2:
   498  0079                     	ds	1
   499  007A                     _cont1:
   500  007A                     	ds	1
   501                           
   502                           	psect	cstackCOMMON
   503  0070                     __pcstackCOMMON:
   504  0070                     ?_spiWrite:
   505  0070                     ??_spiWrite:	
   506                           ; 1 bytes @ 0x0
   507                           
   508  0070                     ?_ADC:	
   509                           ; 1 bytes @ 0x0
   510                           
   511  0070                     ??_ADC:	
   512                           ; 1 bytes @ 0x0
   513                           
   514  0070                     ?_setup:	
   515                           ; 1 bytes @ 0x0
   516                           
   517  0070                     ?_conversion:	
   518                           ; 1 bytes @ 0x0
   519                           
   520  0070                     ?_initOsc:	
   521                           ; 1 bytes @ 0x0
   522                           
   523  0070                     ?_isr:	
   524                           ; 1 bytes @ 0x0
   525                           
   526  0070                     ?_main:	
   527                           ; 1 bytes @ 0x0
   528                           
   529  0070                     spiWrite@dat:	
   530                           ; 1 bytes @ 0x0
   531                           
   532                           
   533                           ; 1 bytes @ 0x0
   534  0070                     	ds	1
   535  0071                     ??_isr:
   536                           
   537                           ; 1 bytes @ 0x1
   538  0071                     	ds	2
   539  0073                     ??_conversion:
   540  0073                     ??_initOsc:	
   541                           ; 1 bytes @ 0x3
   542                           
   543  0073                     ?_config_ADC:	
   544                           ; 1 bytes @ 0x3
   545                           
   546  0073                     ?_spiInit:	
   547                           ; 1 bytes @ 0x3
   548                           
   549  0073                     initOsc@Valor:	
   550                           ; 1 bytes @ 0x3
   551                           
   552  0073                     spiInit@sDataSample:	
   553                           ; 1 bytes @ 0x3
   554                           
   555  0073                     config_ADC@channel:	
   556                           ; 1 bytes @ 0x3
   557                           
   558                           
   559                           ; 2 bytes @ 0x3
   560  0073                     	ds	1
   561  0074                     spiInit@sClockIdle:
   562                           
   563                           ; 1 bytes @ 0x4
   564  0074                     	ds	1
   565  0075                     ??_config_ADC:
   566  0075                     spiInit@sTransmitEdge:	
   567                           ; 1 bytes @ 0x5
   568                           
   569                           
   570                           ; 1 bytes @ 0x5
   571  0075                     	ds	1
   572  0076                     ??_setup:
   573  0076                     ??_spiInit:	
   574                           ; 1 bytes @ 0x6
   575                           
   576  0076                     ??_main:	
   577                           ; 1 bytes @ 0x6
   578                           
   579                           
   580                           	psect	cstackBANK0
   581  0020                     __pcstackBANK0:	
   582                           ; 1 bytes @ 0x6
   583                           
   584  0020                     spiInit@sType:
   585                           
   586                           ; 1 bytes @ 0x0
   587  0020                     	ds	1
   588                           
   589                           	psect	maintext
   590  012C                     __pmaintext:	
   591 ;;
   592 ;;Main: autosize = 0, tempsize = 0, incstack = 0, save=0
   593 ;;
   594 ;; *************** function _main *****************
   595 ;; Defined at:
   596 ;;		line 68 in file "ESCLAVO1.c"
   597 ;; Parameters:    Size  Location     Type
   598 ;;		None
   599 ;; Auto vars:     Size  Location     Type
   600 ;;		None
   601 ;; Return value:  Size  Location     Type
   602 ;;                  1    wreg      void 
   603 ;; Registers used:
   604 ;;		wreg, status,2, status,0, pclath, cstack
   605 ;; Tracked objects:
   606 ;;		On entry : B00/0
   607 ;;		On exit  : 0/0
   608 ;;		Unchanged: 0/0
   609 ;; Data sizes:     COMMON   BANK0   BANK1   BANK3   BANK2
   610 ;;      Params:         0       0       0       0       0
   611 ;;      Locals:         0       0       0       0       0
   612 ;;      Temps:          0       0       0       0       0
   613 ;;      Totals:         0       0       0       0       0
   614 ;;Total ram usage:        0 bytes
   615 ;; Hardware stack levels required when called: 4
   616 ;; This function calls:
   617 ;;		_conversion
   618 ;;		_setup
   619 ;; This function is called by:
   620 ;;		Startup code after reset
   621 ;; This function uses a non-reentrant model
   622 ;;
   623                           
   624                           
   625                           ;psect for function _main
   626  012C                     _main:
   627  012C                     l959:	
   628                           ;incstack = 0
   629                           ; Regs used in _main: [wreg+status,2+status,0+pclath+cstack]
   630                           
   631                           
   632                           ;ESCLAVO1.c: 69:     setup();
   633  012C  120A  118A  2018  120A  118A  	fcall	_setup
   634  0131                     l961:
   635                           
   636                           ;ESCLAVO1.c: 70:     ADCON0bits.GO == 1;
   637  0131  1283               	bcf	3,5	;RP0=0, select bank0
   638  0132  1303               	bcf	3,6	;RP1=0, select bank0
   639  0133  081F               	movf	31,w	;volatile
   640  0134                     l963:
   641                           
   642                           ;ESCLAVO1.c: 75:         conversion();
   643  0134  120A  118A  2088  120A  118A  	fcall	_conversion
   644  0139  2934               	goto	l963
   645  013A  120A  118A  280C   	ljmp	start
   646  013D                     __end_of_main:
   647                           
   648                           	psect	text1
   649  0018                     __ptext1:	
   650 ;; *************** function _setup *****************
   651 ;; Defined at:
   652 ;;		line 81 in file "ESCLAVO1.c"
   653 ;; Parameters:    Size  Location     Type
   654 ;;		None
   655 ;; Auto vars:     Size  Location     Type
   656 ;;		None
   657 ;; Return value:  Size  Location     Type
   658 ;;                  1    wreg      void 
   659 ;; Registers used:
   660 ;;		wreg, status,2, status,0, pclath, cstack
   661 ;; Tracked objects:
   662 ;;		On entry : 0/0
   663 ;;		On exit  : 0/0
   664 ;;		Unchanged: 0/0
   665 ;; Data sizes:     COMMON   BANK0   BANK1   BANK3   BANK2
   666 ;;      Params:         0       0       0       0       0
   667 ;;      Locals:         0       0       0       0       0
   668 ;;      Temps:          0       0       0       0       0
   669 ;;      Totals:         0       0       0       0       0
   670 ;;Total ram usage:        0 bytes
   671 ;; Hardware stack levels used: 1
   672 ;; Hardware stack levels required when called: 3
   673 ;; This function calls:
   674 ;;		_config_ADC
   675 ;;		_initOsc
   676 ;;		_spiInit
   677 ;; This function is called by:
   678 ;;		_main
   679 ;; This function uses a non-reentrant model
   680 ;;
   681                           
   682                           
   683                           ;psect for function _setup
   684  0018                     _setup:
   685  0018                     l929:	
   686                           ;incstack = 0
   687                           ; Regs used in _setup: [wreg+status,2+status,0+pclath+cstack]
   688                           
   689                           
   690                           ;ESCLAVO1.c: 84:     ANSEL = 0b0001;
   691  0018  3001               	movlw	1
   692  0019  1683               	bsf	3,5	;RP0=1, select bank3
   693  001A  1703               	bsf	3,6	;RP1=1, select bank3
   694  001B  0088               	movwf	8	;volatile
   695  001C                     l931:
   696                           
   697                           ;ESCLAVO1.c: 85:     ANSELH = 0;
   698  001C  0189               	clrf	9	;volatile
   699  001D                     l933:
   700                           
   701                           ;ESCLAVO1.c: 87:     TRISA = 0b0001;
   702  001D  3001               	movlw	1
   703  001E  1683               	bsf	3,5	;RP0=1, select bank1
   704  001F  1303               	bcf	3,6	;RP1=0, select bank1
   705  0020  0085               	movwf	5	;volatile
   706                           
   707                           ;ESCLAVO1.c: 88:     TRISB = 0;
   708  0021  0186               	clrf	6	;volatile
   709                           
   710                           ;ESCLAVO1.c: 89:     TRISD = 0;
   711  0022  0188               	clrf	8	;volatile
   712                           
   713                           ;ESCLAVO1.c: 90:     TRISE = 0;
   714  0023  0189               	clrf	9	;volatile
   715                           
   716                           ;ESCLAVO1.c: 92:     PORTD = 0;
   717  0024  1283               	bcf	3,5	;RP0=0, select bank0
   718  0025  1303               	bcf	3,6	;RP1=0, select bank0
   719  0026  0188               	clrf	8	;volatile
   720                           
   721                           ;ESCLAVO1.c: 93:     PORTE = 0;
   722  0027  0189               	clrf	9	;volatile
   723                           
   724                           ;ESCLAVO1.c: 94:     PORTB = 0;
   725  0028  0186               	clrf	6	;volatile
   726  0029                     l935:
   727                           
   728                           ;ESCLAVO1.c: 97:     TRISAbits.TRISA5 = 1;
   729  0029  1683               	bsf	3,5	;RP0=1, select bank1
   730  002A  1303               	bcf	3,6	;RP1=0, select bank1
   731  002B  1685               	bsf	5,5	;volatile
   732  002C                     l937:
   733                           
   734                           ;ESCLAVO1.c: 100:     initOsc(4);
   735  002C  3004               	movlw	4
   736  002D  120A  118A  2058  120A  118A  	fcall	_initOsc
   737  0032                     l939:
   738                           
   739                           ;ESCLAVO1.c: 103:     config_ADC(0);
   740  0032  3000               	movlw	0
   741  0033  00F3               	movwf	config_ADC@channel
   742  0034  00F4               	movwf	config_ADC@channel+1
   743  0035  120A  118A  2112  120A  118A  	fcall	_config_ADC
   744  003A                     l941:
   745                           
   746                           ;ESCLAVO1.c: 106:     spiInit(SPI_SLAVE_SS_EN, SPI_DATA_SAMPLE_MIDDLE, SPI_CLOCK_IDLE_LO
      +                          W, SPI_IDLE_2_ACTIVE);
   747  003A  01F3               	clrf	spiInit@sDataSample
   748  003B  01F4               	clrf	spiInit@sClockIdle
   749  003C  01F5               	clrf	spiInit@sTransmitEdge
   750  003D  3024               	movlw	36
   751  003E  120A  118A  20D6  120A  118A  	fcall	_spiInit
   752  0043                     l943:
   753                           
   754                           ;ESCLAVO1.c: 109:     INTCONbits.GIE = 1;
   755  0043  178B               	bsf	11,7	;volatile
   756  0044                     l945:
   757                           
   758                           ;ESCLAVO1.c: 110:     INTCONbits.PEIE = 1;
   759  0044  170B               	bsf	11,6	;volatile
   760  0045                     l947:
   761                           
   762                           ;ESCLAVO1.c: 111:     PIR1bits.SSPIF = 0;
   763  0045  1283               	bcf	3,5	;RP0=0, select bank0
   764  0046  1303               	bcf	3,6	;RP1=0, select bank0
   765  0047  118C               	bcf	12,3	;volatile
   766  0048                     l949:
   767                           
   768                           ;ESCLAVO1.c: 112:     PIE1bits.SSPIE = 1;
   769  0048  1683               	bsf	3,5	;RP0=1, select bank1
   770  0049  1303               	bcf	3,6	;RP1=0, select bank1
   771  004A  158C               	bsf	12,3	;volatile
   772  004B                     l951:
   773                           
   774                           ;ESCLAVO1.c: 113:     PIR1bits.ADIF = 0;
   775  004B  1283               	bcf	3,5	;RP0=0, select bank0
   776  004C  1303               	bcf	3,6	;RP1=0, select bank0
   777  004D  130C               	bcf	12,6	;volatile
   778  004E                     l953:
   779                           
   780                           ;ESCLAVO1.c: 114:     PIE1bits.ADIE = 1;
   781  004E  1683               	bsf	3,5	;RP0=1, select bank1
   782  004F  1303               	bcf	3,6	;RP1=0, select bank1
   783  0050  170C               	bsf	12,6	;volatile
   784  0051                     l955:
   785                           
   786                           ;ESCLAVO1.c: 115:     PIR1bits.RCIF = 0;
   787  0051  1283               	bcf	3,5	;RP0=0, select bank0
   788  0052  1303               	bcf	3,6	;RP1=0, select bank0
   789  0053  128C               	bcf	12,5	;volatile
   790  0054                     l957:
   791                           
   792                           ;ESCLAVO1.c: 116:     PIE1bits.RCIE = 1;
   793  0054  1683               	bsf	3,5	;RP0=1, select bank1
   794  0055  1303               	bcf	3,6	;RP1=0, select bank1
   795  0056  168C               	bsf	12,5	;volatile
   796  0057                     l72:
   797  0057  0008               	return
   798  0058                     __end_of_setup:
   799                           
   800                           	psect	text2
   801  00D6                     __ptext2:	
   802 ;; *************** function _spiInit *****************
   803 ;; Defined at:
   804 ;;		line 10 in file "SPI.c"
   805 ;; Parameters:    Size  Location     Type
   806 ;;  sType           1    wreg     enum E1264
   807 ;;  sDataSample     1    3[COMMON] enum E1272
   808 ;;  sClockIdle      1    4[COMMON] enum E1276
   809 ;;  sTransmitEdg    1    5[COMMON] enum E1280
   810 ;; Auto vars:     Size  Location     Type
   811 ;;  sType           1    0[BANK0 ] enum E1264
   812 ;; Return value:  Size  Location     Type
   813 ;;                  1    wreg      void 
   814 ;; Registers used:
   815 ;;		wreg, status,2, status,0
   816 ;; Tracked objects:
   817 ;;		On entry : 0/0
   818 ;;		On exit  : 0/0
   819 ;;		Unchanged: 0/0
   820 ;; Data sizes:     COMMON   BANK0   BANK1   BANK3   BANK2
   821 ;;      Params:         3       0       0       0       0
   822 ;;      Locals:         0       1       0       0       0
   823 ;;      Temps:          0       0       0       0       0
   824 ;;      Totals:         3       1       0       0       0
   825 ;;Total ram usage:        4 bytes
   826 ;; Hardware stack levels used: 1
   827 ;; Hardware stack levels required when called: 2
   828 ;; This function calls:
   829 ;;		Nothing
   830 ;; This function is called by:
   831 ;;		_setup
   832 ;; This function uses a non-reentrant model
   833 ;;
   834                           
   835                           
   836                           ;psect for function _spiInit
   837  00D6                     _spiInit:
   838                           
   839                           ;incstack = 0
   840                           ; Regs used in _spiInit: [wreg+status,2+status,0]
   841                           ;spiInit@sType stored from wreg
   842  00D6  1283               	bcf	3,5	;RP0=0, select bank0
   843  00D7  1303               	bcf	3,6	;RP1=0, select bank0
   844  00D8  00A0               	movwf	spiInit@sType
   845  00D9                     l919:
   846                           
   847                           ;SPI.c: 10: void spiInit(Spi_Type sType, Spi_Data_Sample sDataSample, Spi_Clock_polarity
      +                           sClockIdle, Spi_Clock_edge sTransmitEdge);SPI.c: 11: {;SPI.c: 12:     TRISC5 = 0;
   848  00D9  1683               	bsf	3,5	;RP0=1, select bank1
   849  00DA  1303               	bcf	3,6	;RP1=0, select bank1
   850  00DB  1287               	bcf	7,5	;volatile
   851                           
   852                           ;SPI.c: 13:     if(sType & 0b00000100)
   853  00DC  1283               	bcf	3,5	;RP0=0, select bank0
   854  00DD  1303               	bcf	3,6	;RP1=0, select bank0
   855  00DE  1D20               	btfss	spiInit@sType,2
   856  00DF  28E1               	goto	u151
   857  00E0  28E2               	goto	u150
   858  00E1                     u151:
   859  00E1  28E8               	goto	l925
   860  00E2                     u150:
   861  00E2                     l921:
   862                           
   863                           ;SPI.c: 14:     {;SPI.c: 15:         SSPSTAT = sTransmitEdge;
   864  00E2  0875               	movf	spiInit@sTransmitEdge,w
   865  00E3  1683               	bsf	3,5	;RP0=1, select bank1
   866  00E4  1303               	bcf	3,6	;RP1=0, select bank1
   867  00E5  0094               	movwf	20	;volatile
   868  00E6                     l923:
   869                           
   870                           ;SPI.c: 16:         TRISC3 = 1;
   871  00E6  1587               	bsf	7,3	;volatile
   872                           
   873                           ;SPI.c: 17:     }
   874  00E7  28EE               	goto	l131
   875  00E8                     l925:
   876                           
   877                           ;SPI.c: 19:     {;SPI.c: 20:         SSPSTAT = sDataSample | sTransmitEdge;
   878  00E8  0873               	movf	spiInit@sDataSample,w
   879  00E9  0475               	iorwf	spiInit@sTransmitEdge,w
   880  00EA  1683               	bsf	3,5	;RP0=1, select bank1
   881  00EB  1303               	bcf	3,6	;RP1=0, select bank1
   882  00EC  0094               	movwf	20	;volatile
   883  00ED                     l927:
   884                           
   885                           ;SPI.c: 21:         TRISC3 = 0;
   886  00ED  1187               	bcf	7,3	;volatile
   887  00EE                     l131:	
   888                           ;SPI.c: 22:     }
   889                           
   890                           
   891                           ;SPI.c: 24:     SSPCON = sType | sClockIdle;
   892  00EE  1283               	bcf	3,5	;RP0=0, select bank0
   893  00EF  1303               	bcf	3,6	;RP1=0, select bank0
   894  00F0  0820               	movf	spiInit@sType,w
   895  00F1  0474               	iorwf	spiInit@sClockIdle,w
   896  00F2  0094               	movwf	20	;volatile
   897  00F3                     l132:
   898  00F3  0008               	return
   899  00F4                     __end_of_spiInit:
   900                           
   901                           	psect	text3
   902  0058                     __ptext3:	
   903 ;; *************** function _initOsc *****************
   904 ;; Defined at:
   905 ;;		line 12 in file "Oscilador.c"
   906 ;; Parameters:    Size  Location     Type
   907 ;;  Valor           1    wreg     unsigned char 
   908 ;; Auto vars:     Size  Location     Type
   909 ;;  Valor           1    3[COMMON] unsigned char 
   910 ;; Return value:  Size  Location     Type
   911 ;;                  1    wreg      void 
   912 ;; Registers used:
   913 ;;		wreg, status,2, status,0
   914 ;; Tracked objects:
   915 ;;		On entry : 0/0
   916 ;;		On exit  : 0/0
   917 ;;		Unchanged: 0/0
   918 ;; Data sizes:     COMMON   BANK0   BANK1   BANK3   BANK2
   919 ;;      Params:         0       0       0       0       0
   920 ;;      Locals:         1       0       0       0       0
   921 ;;      Temps:          0       0       0       0       0
   922 ;;      Totals:         1       0       0       0       0
   923 ;;Total ram usage:        1 bytes
   924 ;; Hardware stack levels used: 1
   925 ;; Hardware stack levels required when called: 2
   926 ;; This function calls:
   927 ;;		Nothing
   928 ;; This function is called by:
   929 ;;		_setup
   930 ;; This function uses a non-reentrant model
   931 ;;
   932                           
   933                           
   934                           ;psect for function _initOsc
   935  0058                     _initOsc:
   936                           
   937                           ;incstack = 0
   938                           ; Regs used in _initOsc: [wreg+status,2+status,0]
   939                           ;initOsc@Valor stored from wreg
   940  0058  00F3               	movwf	initOsc@Valor
   941  0059                     l741:
   942                           
   943                           ;Oscilador.c: 14:     if(Valor == 8){
   944  0059  3008               	movlw	8
   945  005A  0673               	xorwf	initOsc@Valor,w
   946  005B  1D03               	btfss	3,2
   947  005C  285E               	goto	u11
   948  005D  285F               	goto	u10
   949  005E                     u11:
   950  005E  2864               	goto	l745
   951  005F                     u10:
   952  005F                     l743:
   953                           
   954                           ;Oscilador.c: 15:         OSCCONbits.IRCF0 = 1;
   955  005F  1683               	bsf	3,5	;RP0=1, select bank1
   956  0060  1303               	bcf	3,6	;RP1=0, select bank1
   957  0061  160F               	bsf	15,4	;volatile
   958                           
   959                           ;Oscilador.c: 16:         OSCCONbits.IRCF1 = 1;
   960  0062  168F               	bsf	15,5	;volatile
   961                           
   962                           ;Oscilador.c: 17:         OSCCONbits.IRCF2 = 1;
   963  0063  170F               	bsf	15,6	;volatile
   964  0064                     l745:
   965                           
   966                           ;Oscilador.c: 19:     if(Valor == 4){
   967  0064  3004               	movlw	4
   968  0065  0673               	xorwf	initOsc@Valor,w
   969  0066  1D03               	btfss	3,2
   970  0067  2869               	goto	u21
   971  0068  286A               	goto	u20
   972  0069                     u21:
   973  0069  286F               	goto	l749
   974  006A                     u20:
   975  006A                     l747:
   976                           
   977                           ;Oscilador.c: 20:         OSCCONbits.IRCF0 = 0;
   978  006A  1683               	bsf	3,5	;RP0=1, select bank1
   979  006B  1303               	bcf	3,6	;RP1=0, select bank1
   980  006C  120F               	bcf	15,4	;volatile
   981                           
   982                           ;Oscilador.c: 21:         OSCCONbits.IRCF1 = 1;
   983  006D  168F               	bsf	15,5	;volatile
   984                           
   985                           ;Oscilador.c: 22:         OSCCONbits.IRCF2 = 1;
   986  006E  170F               	bsf	15,6	;volatile
   987  006F                     l749:
   988                           
   989                           ;Oscilador.c: 24:     if(Valor == 2){
   990  006F  3002               	movlw	2
   991  0070  0673               	xorwf	initOsc@Valor,w
   992  0071  1D03               	btfss	3,2
   993  0072  2874               	goto	u31
   994  0073  2875               	goto	u30
   995  0074                     u31:
   996  0074  287A               	goto	l753
   997  0075                     u30:
   998  0075                     l751:
   999                           
  1000                           ;Oscilador.c: 25:         OSCCONbits.IRCF0 = 1;
  1001  0075  1683               	bsf	3,5	;RP0=1, select bank1
  1002  0076  1303               	bcf	3,6	;RP1=0, select bank1
  1003  0077  160F               	bsf	15,4	;volatile
  1004                           
  1005                           ;Oscilador.c: 26:         OSCCONbits.IRCF1 = 0;
  1006  0078  128F               	bcf	15,5	;volatile
  1007                           
  1008                           ;Oscilador.c: 27:         OSCCONbits.IRCF2 = 1;
  1009  0079  170F               	bsf	15,6	;volatile
  1010  007A                     l753:
  1011                           
  1012                           ;Oscilador.c: 29:     if(Valor == 1){
  1013  007A  0373               	decf	initOsc@Valor,w
  1014  007B  1D03               	btfss	3,2
  1015  007C  287E               	goto	u41
  1016  007D  287F               	goto	u40
  1017  007E                     u41:
  1018  007E  2884               	goto	l114
  1019  007F                     u40:
  1020  007F                     l755:
  1021                           
  1022                           ;Oscilador.c: 30:         OSCCONbits.IRCF0 = 0;
  1023  007F  1683               	bsf	3,5	;RP0=1, select bank1
  1024  0080  1303               	bcf	3,6	;RP1=0, select bank1
  1025  0081  120F               	bcf	15,4	;volatile
  1026                           
  1027                           ;Oscilador.c: 31:         OSCCONbits.IRCF1 = 0;
  1028  0082  128F               	bcf	15,5	;volatile
  1029                           
  1030                           ;Oscilador.c: 32:         OSCCONbits.IRCF2 = 1;
  1031  0083  170F               	bsf	15,6	;volatile
  1032  0084                     l114:	
  1033                           ;Oscilador.c: 33:     }
  1034                           
  1035                           
  1036                           ;Oscilador.c: 36:     OSCCONbits.SCS = 1;
  1037  0084  1683               	bsf	3,5	;RP0=1, select bank1
  1038  0085  1303               	bcf	3,6	;RP1=0, select bank1
  1039  0086  140F               	bsf	15,0	;volatile
  1040  0087                     l115:
  1041  0087  0008               	return
  1042  0088                     __end_of_initOsc:
  1043                           
  1044                           	psect	text4
  1045  0112                     __ptext4:	
  1046 ;; *************** function _config_ADC *****************
  1047 ;; Defined at:
  1048 ;;		line 36 in file "ADC.c"
  1049 ;; Parameters:    Size  Location     Type
  1050 ;;  channel         2    3[COMMON] int 
  1051 ;; Auto vars:     Size  Location     Type
  1052 ;;		None
  1053 ;; Return value:  Size  Location     Type
  1054 ;;                  1    wreg      void 
  1055 ;; Registers used:
  1056 ;;		wreg, status,2, status,0
  1057 ;; Tracked objects:
  1058 ;;		On entry : 0/0
  1059 ;;		On exit  : 0/0
  1060 ;;		Unchanged: 0/0
  1061 ;; Data sizes:     COMMON   BANK0   BANK1   BANK3   BANK2
  1062 ;;      Params:         2       0       0       0       0
  1063 ;;      Locals:         0       0       0       0       0
  1064 ;;      Temps:          1       0       0       0       0
  1065 ;;      Totals:         3       0       0       0       0
  1066 ;;Total ram usage:        3 bytes
  1067 ;; Hardware stack levels used: 1
  1068 ;; Hardware stack levels required when called: 2
  1069 ;; This function calls:
  1070 ;;		Nothing
  1071 ;; This function is called by:
  1072 ;;		_setup
  1073 ;; This function uses a non-reentrant model
  1074 ;;
  1075                           
  1076                           
  1077                           ;psect for function _config_ADC
  1078  0112                     _config_ADC:
  1079  0112                     l865:	
  1080                           ;incstack = 0
  1081                           ; Regs used in _config_ADC: [wreg+status,2+status,0]
  1082                           
  1083                           
  1084                           ;ADC.c: 37:     ADCON1bits.ADFM = 0;
  1085  0112  1683               	bsf	3,5	;RP0=1, select bank1
  1086  0113  1303               	bcf	3,6	;RP1=0, select bank1
  1087  0114  139F               	bcf	31,7	;volatile
  1088                           
  1089                           ;ADC.c: 38:     ADCON1bits.VCFG0 = 0;
  1090  0115  121F               	bcf	31,4	;volatile
  1091                           
  1092                           ;ADC.c: 39:     ADCON1bits.VCFG1 = 0;
  1093  0116  129F               	bcf	31,5	;volatile
  1094  0117                     l867:
  1095                           
  1096                           ;ADC.c: 41:     ADCON0bits.ADCS = 0b01;
  1097  0117  1283               	bcf	3,5	;RP0=0, select bank0
  1098  0118  1303               	bcf	3,6	;RP1=0, select bank0
  1099  0119  081F               	movf	31,w	;volatile
  1100  011A  393F               	andlw	-193
  1101  011B  3840               	iorlw	64
  1102  011C  009F               	movwf	31	;volatile
  1103                           
  1104                           ;ADC.c: 42:     ADCON0bits.CHS = channel;
  1105  011D  0873               	movf	config_ADC@channel,w
  1106  011E  00F5               	movwf	??_config_ADC
  1107  011F  0DF5               	rlf	??_config_ADC,f
  1108  0120  0DF5               	rlf	??_config_ADC,f
  1109  0121  081F               	movf	31,w	;volatile
  1110  0122  0675               	xorwf	??_config_ADC,w
  1111  0123  39C3               	andlw	-61
  1112  0124  0675               	xorwf	??_config_ADC,w
  1113  0125  009F               	movwf	31	;volatile
  1114  0126                     l869:
  1115                           
  1116                           ;ADC.c: 43:     ADCON0bits.ADON = 1;
  1117  0126  141F               	bsf	31,0	;volatile
  1118  0127                     l871:
  1119                           
  1120                           ;ADC.c: 44:     _delay((unsigned long)((50)*(8000000/4000000.0)));
  1121  0127  3021               	movlw	33
  1122  0128  00F5               	movwf	??_config_ADC
  1123  0129                     u167:
  1124  0129  0BF5               	decfsz	??_config_ADC,f
  1125  012A  2929               	goto	u167
  1126  012B                     l106:
  1127  012B  0008               	return
  1128  012C                     __end_of_config_ADC:
  1129                           
  1130                           	psect	text5
  1131  0088                     __ptext5:	
  1132 ;; *************** function _conversion *****************
  1133 ;; Defined at:
  1134 ;;		line 21 in file "ADC.c"
  1135 ;; Parameters:    Size  Location     Type
  1136 ;;		None
  1137 ;; Auto vars:     Size  Location     Type
  1138 ;;		None
  1139 ;; Return value:  Size  Location     Type
  1140 ;;                  1    wreg      void 
  1141 ;; Registers used:
  1142 ;;		wreg, status,2, status,0
  1143 ;; Tracked objects:
  1144 ;;		On entry : 0/0
  1145 ;;		On exit  : 0/0
  1146 ;;		Unchanged: 0/0
  1147 ;; Data sizes:     COMMON   BANK0   BANK1   BANK3   BANK2
  1148 ;;      Params:         0       0       0       0       0
  1149 ;;      Locals:         0       0       0       0       0
  1150 ;;      Temps:          1       0       0       0       0
  1151 ;;      Totals:         1       0       0       0       0
  1152 ;;Total ram usage:        1 bytes
  1153 ;; Hardware stack levels used: 1
  1154 ;; Hardware stack levels required when called: 2
  1155 ;; This function calls:
  1156 ;;		Nothing
  1157 ;; This function is called by:
  1158 ;;		_main
  1159 ;; This function uses a non-reentrant model
  1160 ;;
  1161                           
  1162                           
  1163                           ;psect for function _conversion
  1164  0088                     _conversion:
  1165  0088                     l815:	
  1166                           ;incstack = 0
  1167                           ; Regs used in _conversion: [wreg+status,2+status,0]
  1168                           
  1169                           
  1170                           ;ADC.c: 22:     if(ADCON0bits.GO == 0){
  1171  0088  1283               	bcf	3,5	;RP0=0, select bank0
  1172  0089  1303               	bcf	3,6	;RP1=0, select bank0
  1173  008A  189F               	btfsc	31,1	;volatile
  1174  008B  288D               	goto	u81
  1175  008C  288E               	goto	u80
  1176  008D                     u81:
  1177  008D  28B3               	goto	l103
  1178  008E                     u80:
  1179  008E                     l817:
  1180                           
  1181                           ;ADC.c: 23:         if(ADCON0bits.CHS == 1){
  1182  008E  0C1F               	rrf	31,w	;volatile
  1183  008F  00F3               	movwf	??_conversion
  1184  0090  0C73               	rrf	??_conversion,w
  1185  0091  390F               	andlw	15
  1186  0092  3A01               	xorlw	1
  1187  0093  1D03               	skipz
  1188  0094  2896               	goto	u91
  1189  0095  2897               	goto	u90
  1190  0096                     u91:
  1191  0096  289E               	goto	l823
  1192  0097                     u90:
  1193  0097                     l819:
  1194                           
  1195                           ;ADC.c: 24:             ADCON0bits.CHS = 0;
  1196  0097  30C3               	movlw	-61
  1197  0098  059F               	andwf	31,f	;volatile
  1198  0099                     l821:
  1199                           
  1200                           ;ADC.c: 25:             _delay((unsigned long)((50)*(8000000/4000000.0)));
  1201  0099  3021               	movlw	33
  1202  009A  00F3               	movwf	??_conversion
  1203  009B                     u177:
  1204  009B  0BF3               	decfsz	??_conversion,f
  1205  009C  289B               	goto	u177
  1206                           
  1207                           ;ADC.c: 26:         }
  1208  009D  28AC               	goto	l829
  1209  009E                     l823:
  1210  009E  0C1F               	rrf	31,w	;volatile
  1211  009F  00F3               	movwf	??_conversion
  1212  00A0  0C73               	rrf	??_conversion,w
  1213  00A1  390F               	andlw	15
  1214  00A2  3A00               	xorlw	0
  1215  00A3  1D03               	skipz
  1216  00A4  28A6               	goto	u101
  1217  00A5  28A7               	goto	u100
  1218  00A6                     u101:
  1219  00A6  28AC               	goto	l829
  1220  00A7                     u100:
  1221  00A7                     l825:
  1222                           
  1223                           ;ADC.c: 28:             ADCON0bits.CHS = 1;
  1224  00A7  081F               	movf	31,w	;volatile
  1225  00A8  39C3               	andlw	-61
  1226  00A9  3804               	iorlw	4
  1227  00AA  009F               	movwf	31	;volatile
  1228  00AB  2899               	goto	l821
  1229  00AC                     l829:
  1230                           
  1231                           ;ADC.c: 31:         _delay((unsigned long)((50)*(8000000/4000000.0)));
  1232  00AC  3021               	movlw	33
  1233  00AD  00F3               	movwf	??_conversion
  1234  00AE                     u187:
  1235  00AE  0BF3               	decfsz	??_conversion,f
  1236  00AF  28AE               	goto	u187
  1237  00B0                     l831:
  1238                           
  1239                           ;ADC.c: 32:         ADCON0bits.GO = 1;
  1240  00B0  1283               	bcf	3,5	;RP0=0, select bank0
  1241  00B1  1303               	bcf	3,6	;RP1=0, select bank0
  1242  00B2  149F               	bsf	31,1	;volatile
  1243  00B3                     l103:
  1244  00B3  0008               	return
  1245  00B4                     __end_of_conversion:
  1246                           
  1247                           	psect	text6
  1248  00B4                     __ptext6:	
  1249 ;; *************** function _isr *****************
  1250 ;; Defined at:
  1251 ;;		line 56 in file "ESCLAVO1.c"
  1252 ;; Parameters:    Size  Location     Type
  1253 ;;		None
  1254 ;; Auto vars:     Size  Location     Type
  1255 ;;		None
  1256 ;; Return value:  Size  Location     Type
  1257 ;;                  1    wreg      void 
  1258 ;; Registers used:
  1259 ;;		wreg, status,2, status,0, pclath, cstack
  1260 ;; Tracked objects:
  1261 ;;		On entry : 0/0
  1262 ;;		On exit  : 0/0
  1263 ;;		Unchanged: 0/0
  1264 ;; Data sizes:     COMMON   BANK0   BANK1   BANK3   BANK2
  1265 ;;      Params:         0       0       0       0       0
  1266 ;;      Locals:         0       0       0       0       0
  1267 ;;      Temps:          2       0       0       0       0
  1268 ;;      Totals:         2       0       0       0       0
  1269 ;;Total ram usage:        2 bytes
  1270 ;; Hardware stack levels used: 1
  1271 ;; Hardware stack levels required when called: 1
  1272 ;; This function calls:
  1273 ;;		_ADC
  1274 ;;		_spiWrite
  1275 ;; This function is called by:
  1276 ;;		Interrupt level 1
  1277 ;; This function uses a non-reentrant model
  1278 ;;
  1279                           
  1280                           
  1281                           ;psect for function _isr
  1282  00B4                     _isr:
  1283  00B4                     i1l835:
  1284                           
  1285                           ;ESCLAVO1.c: 57:     if(SSPIF == 1){
  1286  00B4  1283               	bcf	3,5	;RP0=0, select bank0
  1287  00B5  1303               	bcf	3,6	;RP1=0, select bank0
  1288  00B6  1D8C               	btfss	12,3	;volatile
  1289  00B7  28B9               	goto	u12_21
  1290  00B8  28BA               	goto	u12_20
  1291  00B9                     u12_21:
  1292  00B9  28C3               	goto	i1l841
  1293  00BA                     u12_20:
  1294  00BA                     i1l837:
  1295                           
  1296                           ;ESCLAVO1.c: 58:         spiWrite(cont1);
  1297  00BA  087A               	movf	_cont1,w
  1298  00BB  120A  118A  213D  120A  118A  	fcall	_spiWrite
  1299  00C0                     i1l839:
  1300                           
  1301                           ;ESCLAVO1.c: 59:         SSPIF = 0;
  1302  00C0  1283               	bcf	3,5	;RP0=0, select bank0
  1303  00C1  1303               	bcf	3,6	;RP1=0, select bank0
  1304  00C2  118C               	bcf	12,3	;volatile
  1305  00C3                     i1l841:
  1306                           
  1307                           ;ESCLAVO1.c: 61:     if(PIR1bits.ADIF){
  1308  00C3  1F0C               	btfss	12,6	;volatile
  1309  00C4  28C6               	goto	u13_21
  1310  00C5  28C7               	goto	u13_20
  1311  00C6                     u13_21:
  1312  00C6  28CF               	goto	i1l61
  1313  00C7                     u13_20:
  1314  00C7                     i1l843:
  1315                           
  1316                           ;ESCLAVO1.c: 62:         ADC();
  1317  00C7  120A  118A  20F4  120A  118A  	fcall	_ADC
  1318  00CC                     i1l845:
  1319                           
  1320                           ;ESCLAVO1.c: 63:         PIR1bits.ADIF = 0;
  1321  00CC  1283               	bcf	3,5	;RP0=0, select bank0
  1322  00CD  1303               	bcf	3,6	;RP1=0, select bank0
  1323  00CE  130C               	bcf	12,6	;volatile
  1324  00CF                     i1l61:
  1325  00CF  0872               	movf	??_isr+1,w
  1326  00D0  008A               	movwf	10
  1327  00D1  0E71               	swapf	??_isr,w
  1328  00D2  0083               	movwf	3
  1329  00D3  0EFE               	swapf	btemp,f
  1330  00D4  0E7E               	swapf	btemp,w
  1331  00D5  0009               	retfie
  1332  00D6                     __end_of_isr:
  1333                           
  1334                           	psect	intentry
  1335  0004                     __pintentry:	
  1336                           ;incstack = 0
  1337                           ; Regs used in _isr: [wreg+status,2+status,0+pclath+cstack]
  1338                           
  1339  0004                     interrupt_function:
  1340  007E                     saved_w	set	btemp
  1341  0004  00FE               	movwf	btemp
  1342  0005  0E03               	swapf	3,w
  1343  0006  00F1               	movwf	??_isr
  1344  0007  080A               	movf	10,w
  1345  0008  00F2               	movwf	??_isr+1
  1346  0009  120A  118A  28B4   	ljmp	_isr
  1347                           
  1348                           	psect	text7
  1349  013D                     __ptext7:	
  1350 ;; *************** function _spiWrite *****************
  1351 ;; Defined at:
  1352 ;;		line 32 in file "SPI.c"
  1353 ;; Parameters:    Size  Location     Type
  1354 ;;  dat             1    wreg     unsigned char 
  1355 ;; Auto vars:     Size  Location     Type
  1356 ;;  dat             1    0[COMMON] unsigned char 
  1357 ;; Return value:  Size  Location     Type
  1358 ;;                  1    wreg      void 
  1359 ;; Registers used:
  1360 ;;		wreg
  1361 ;; Tracked objects:
  1362 ;;		On entry : 0/0
  1363 ;;		On exit  : 0/0
  1364 ;;		Unchanged: 0/0
  1365 ;; Data sizes:     COMMON   BANK0   BANK1   BANK3   BANK2
  1366 ;;      Params:         0       0       0       0       0
  1367 ;;      Locals:         1       0       0       0       0
  1368 ;;      Temps:          0       0       0       0       0
  1369 ;;      Totals:         1       0       0       0       0
  1370 ;;Total ram usage:        1 bytes
  1371 ;; Hardware stack levels used: 1
  1372 ;; This function calls:
  1373 ;;		Nothing
  1374 ;; This function is called by:
  1375 ;;		_isr
  1376 ;; This function uses a non-reentrant model
  1377 ;;
  1378                           
  1379                           
  1380                           ;psect for function _spiWrite
  1381  013D                     _spiWrite:
  1382                           
  1383                           ;incstack = 0
  1384                           ; Regs used in _spiWrite: [wreg]
  1385                           ;spiWrite@dat stored from wreg
  1386  013D  00F0               	movwf	spiWrite@dat
  1387  013E                     i1l775:
  1388                           
  1389                           ;SPI.c: 32: void spiWrite(char dat);SPI.c: 33: {;SPI.c: 34:     SSPBUF = dat;
  1390  013E  0870               	movf	spiWrite@dat,w
  1391  013F  1283               	bcf	3,5	;RP0=0, select bank0
  1392  0140  1303               	bcf	3,6	;RP1=0, select bank0
  1393  0141  0093               	movwf	19	;volatile
  1394  0142                     i1l141:
  1395  0142  0008               	return
  1396  0143                     __end_of_spiWrite:
  1397                           
  1398                           	psect	text8
  1399  00F4                     __ptext8:	
  1400 ;; *************** function _ADC *****************
  1401 ;; Defined at:
  1402 ;;		line 11 in file "ADC.c"
  1403 ;; Parameters:    Size  Location     Type
  1404 ;;		None
  1405 ;; Auto vars:     Size  Location     Type
  1406 ;;		None
  1407 ;; Return value:  Size  Location     Type
  1408 ;;                  1    wreg      void 
  1409 ;; Registers used:
  1410 ;;		wreg, status,2, status,0
  1411 ;; Tracked objects:
  1412 ;;		On entry : 0/0
  1413 ;;		On exit  : 0/0
  1414 ;;		Unchanged: 0/0
  1415 ;; Data sizes:     COMMON   BANK0   BANK1   BANK3   BANK2
  1416 ;;      Params:         0       0       0       0       0
  1417 ;;      Locals:         0       0       0       0       0
  1418 ;;      Temps:          1       0       0       0       0
  1419 ;;      Totals:         1       0       0       0       0
  1420 ;;Total ram usage:        1 bytes
  1421 ;; Hardware stack levels used: 1
  1422 ;; This function calls:
  1423 ;;		Nothing
  1424 ;; This function is called by:
  1425 ;;		_isr
  1426 ;; This function uses a non-reentrant model
  1427 ;;
  1428                           
  1429                           
  1430                           ;psect for function _ADC
  1431  00F4                     _ADC:
  1432  00F4                     i1l777:	
  1433                           ;incstack = 0
  1434                           ; Regs used in _ADC: [wreg+status,2+status,0]
  1435                           
  1436                           
  1437                           ;ADC.c: 12:     if(ADCON0bits.CHS == 0){
  1438  00F4  1283               	bcf	3,5	;RP0=0, select bank0
  1439  00F5  1303               	bcf	3,6	;RP1=0, select bank0
  1440  00F6  0C1F               	rrf	31,w	;volatile
  1441  00F7  00F0               	movwf	??_ADC
  1442  00F8  0C70               	rrf	??_ADC,w
  1443  00F9  390F               	andlw	15
  1444  00FA  3A00               	xorlw	0
  1445  00FB  1D03               	skipz
  1446  00FC  28FE               	goto	u6_21
  1447  00FD  28FF               	goto	u6_20
  1448  00FE                     u6_21:
  1449  00FE  2904               	goto	i1l781
  1450  00FF                     u6_20:
  1451  00FF                     i1l779:
  1452                           
  1453                           ;ADC.c: 13:         cont1 = ADRESH;
  1454  00FF  081E               	movf	30,w	;volatile
  1455  0100  00F0               	movwf	??_ADC
  1456  0101  0870               	movf	??_ADC,w
  1457  0102  00FA               	movwf	_cont1
  1458                           
  1459                           ;ADC.c: 14:     }
  1460  0103  2911               	goto	i1l96
  1461  0104                     i1l781:
  1462  0104  0C1F               	rrf	31,w	;volatile
  1463  0105  00F0               	movwf	??_ADC
  1464  0106  0C70               	rrf	??_ADC,w
  1465  0107  390F               	andlw	15
  1466  0108  3A01               	xorlw	1
  1467  0109  1D03               	skipz
  1468  010A  290C               	goto	u7_21
  1469  010B  290D               	goto	u7_20
  1470  010C                     u7_21:
  1471  010C  2911               	goto	i1l96
  1472  010D                     u7_20:
  1473  010D                     i1l783:
  1474                           
  1475                           ;ADC.c: 16:         cont2 = ADRESH;
  1476  010D  081E               	movf	30,w	;volatile
  1477  010E  00F0               	movwf	??_ADC
  1478  010F  0870               	movf	??_ADC,w
  1479  0110  00F9               	movwf	_cont2
  1480  0111                     i1l96:
  1481  0111  0008               	return
  1482  0112                     __end_of_ADC:
  1483  007E                     btemp	set	126	;btemp
  1484  007E                     wtemp0	set	126
  1485                           
  1486                           	psect	config
  1487                           
  1488                           ;Config register CONFIG1 @ 0x2007
  1489                           ;	Oscillator Selection bits
  1490                           ;	FOSC = INTRC_NOCLKOUT, INTOSCIO oscillator: I/O function on RA6/OSC2/CLKOUT pin, I/O f
      +                          unction on RA7/OSC1/CLKIN
  1491                           ;	Watchdog Timer Enable bit
  1492                           ;	WDTE = OFF, WDT disabled and can be enabled by SWDTEN bit of the WDTCON register
  1493                           ;	Power-up Timer Enable bit
  1494                           ;	PWRTE = OFF, PWRT disabled
  1495                           ;	RE3/MCLR pin function select bit
  1496                           ;	MCLRE = OFF, RE3/MCLR pin function is digital input, MCLR internally tied to VDD
  1497                           ;	Code Protection bit
  1498                           ;	CP = OFF, Program memory code protection is disabled
  1499                           ;	Data Code Protection bit
  1500                           ;	CPD = OFF, Data memory code protection is disabled
  1501                           ;	Brown Out Reset Selection bits
  1502                           ;	BOREN = OFF, BOR disabled
  1503                           ;	Internal External Switchover bit
  1504                           ;	IESO = OFF, Internal/External Switchover mode is disabled
  1505                           ;	Fail-Safe Clock Monitor Enabled bit
  1506                           ;	FCMEN = OFF, Fail-Safe Clock Monitor is disabled
  1507                           ;	Low Voltage Programming Enable bit
  1508                           ;	LVP = OFF, RB3 pin has digital I/O, HV on MCLR must be used for programming
  1509                           ;	In-Circuit Debugger Mode bit
  1510                           ;	DEBUG = 0x1, unprogrammed default
  1511  2007                     	org	8199
  1512  2007  20D4               	dw	8404
  1513                           
  1514                           ;Config register CONFIG2 @ 0x2008
  1515                           ;	Brown-out Reset Selection bit
  1516                           ;	BOR4V = BOR40V, Brown-out Reset set to 4.0V
  1517                           ;	Flash Program Memory Self Write Enable bits
  1518                           ;	WRT = OFF, Write protection off
  1519  2008                     	org	8200
  1520  2008  3FFF               	dw	16383

Data Sizes:
    Strings     0
    Constant    0
    Data        0
    BSS         5
    Persistent  0
    Stack       0

Auto Spaces:
    Space          Size  Autos    Used
    COMMON           14      6      11
    BANK0            80      1       1
    BANK1            80      0       0
    BANK3            96      0       0
    BANK2            96      0       0

Pointer List with Targets:

    None.

Critical Paths under _main in COMMON

    _setup->_config_ADC
    _setup->_spiInit

Critical Paths under _isr in COMMON

    _isr->_ADC
    _isr->_spiWrite

Critical Paths under _main in BANK0

    _setup->_spiInit

Critical Paths under _isr in BANK0

    None.

Critical Paths under _main in BANK1

    None.

Critical Paths under _isr in BANK1

    None.

Critical Paths under _main in BANK3

    None.

Critical Paths under _isr in BANK3

    None.

Critical Paths under _main in BANK2

    None.

Critical Paths under _isr in BANK2

    None.

Call Graph Tables:

 ---------------------------------------------------------------------------------
 (Depth) Function   	        Calls       Base Space   Used Autos Params    Refs
 ---------------------------------------------------------------------------------
 (0) _main                                                 0     0      0     614
                         _conversion
                              _setup
 ---------------------------------------------------------------------------------
 (1) _setup                                                0     0      0     614
                         _config_ADC
                            _initOsc
                            _spiInit
 ---------------------------------------------------------------------------------
 (2) _spiInit                                              4     1      3     456
                                              3 COMMON     3     0      3
                                              0 BANK0      1     1      0
 ---------------------------------------------------------------------------------
 (2) _initOsc                                              1     1      0      60
                                              3 COMMON     1     1      0
 ---------------------------------------------------------------------------------
 (2) _config_ADC                                           3     1      2      98
                                              3 COMMON     3     1      2
 ---------------------------------------------------------------------------------
 (1) _conversion                                           1     1      0       0
                                              3 COMMON     1     1      0
 ---------------------------------------------------------------------------------
 Estimated maximum stack depth 2
 ---------------------------------------------------------------------------------
 (Depth) Function   	        Calls       Base Space   Used Autos Params    Refs
 ---------------------------------------------------------------------------------
 (3) _isr                                                  2     2      0      15
                                              1 COMMON     2     2      0
                                _ADC
                           _spiWrite
 ---------------------------------------------------------------------------------
 (4) _spiWrite                                             1     1      0      15
                                              0 COMMON     1     1      0
 ---------------------------------------------------------------------------------
 (4) _ADC                                                  1     1      0       0
                                              0 COMMON     1     1      0
 ---------------------------------------------------------------------------------
 Estimated maximum stack depth 4
 ---------------------------------------------------------------------------------

 Call Graph Graphs:

 _main (ROOT)
   _conversion
   _setup
     _config_ADC
     _initOsc
     _spiInit

 _isr (ROOT)
   _ADC
   _spiWrite

 Address spaces:
Name               Size   Autos  Total    Cost      Usage
BITCOMMON            E      0       0       0        0.0%
EEDATA             100      0       0       0        0.0%
NULL                 0      0       0       0        0.0%
CODE                 0      0       0       0        0.0%
COMMON               E      6       B       1       78.6%
BITSFR0              0      0       0       1        0.0%
SFR0                 0      0       0       1        0.0%
BITSFR1              0      0       0       2        0.0%
SFR1                 0      0       0       2        0.0%
STACK                0      0       0       2        0.0%
ABS                  0      0       C       3        0.0%
BITBANK0            50      0       0       4        0.0%
BITSFR3              0      0       0       4        0.0%
SFR3                 0      0       0       4        0.0%
BANK0               50      1       1       5        1.2%
BITSFR2              0      0       0       5        0.0%
SFR2                 0      0       0       5        0.0%
BITBANK1            50      0       0       6        0.0%
BANK1               50      0       0       7        0.0%
BITBANK3            60      0       0       8        0.0%
BANK3               60      0       0       9        0.0%
BITBANK2            60      0       0      10        0.0%
BANK2               60      0       0      11        0.0%
DATA                 0      0       C      12        0.0%


Microchip Technology PIC Macro Assembler V2.32 build 20210201212658 
Symbol Table                                                                                   Tue Feb 15 23:38:59 2022

            _SSPSTATbits 0094                       l72 0057                       u10 005F  
                     u11 005E                       u20 006A                       u21 0069  
                     u30 0075                       u31 0074                       u40 007F  
                     u41 007E                       u80 008E                       u81 008D  
                     u90 0097                       u91 0096                      l103 00B3  
                    l106 012B                      l114 0084                      l115 0087  
                    l131 00EE                      l132 00F3                      _ADC 00F4  
                    l821 0099                      l741 0059                      l831 00B0  
                    l823 009E                      l815 0088                      l751 0075  
                    l743 005F                      l825 00A7                      l817 008E  
                    l753 007A                      l745 0064                      l921 00E2  
                    l819 0097                      l755 007F                      l747 006A  
                    l923 00E6                      l931 001C                      l829 00AC  
                    l749 006F                      l925 00E8                      l941 003A  
                    l933 001D                      l871 0127                      l927 00ED  
                    l919 00D9                      l951 004B                      l943 0043  
                    l935 0029                      l865 0112                      l953 004E  
                    l945 0044                      l937 002C                      l929 0018  
                    l961 0131                      l867 0117                      l955 0051  
                    l947 0045                      l939 0032                      l963 0134  
                    l869 0126                      l957 0054                      l949 0048  
                    l959 012C                      u100 00A7                      u101 00A6  
                    u150 00E2                      u151 00E1                      u167 0129  
                    u177 009B                      u187 00AE                      _dec 0077  
                    _cen 0076                      _isr 00B4                      _uni 0078  
                   ?_ADC 0070                     ?_isr 0070                     i1l61 00CF  
                   i1l96 0111                     u6_20 00FF                     u6_21 00FE  
                   u7_20 010D                     u7_21 010C                     _main 012C  
                   btemp 007E                     start 000C                    ??_ADC 0070  
                  ??_isr 0071                    ?_main 0070                    _ANSEL 0188  
                  i1l141 0142                    i1l841 00C3                    i1l843 00C7  
                  i1l835 00B4                    i1l781 0104                    i1l845 00CC  
                  i1l837 00BA                    i1l783 010D                    i1l775 013E  
                  i1l839 00C0                    i1l777 00F4                    i1l779 00FF  
                  u12_20 00BA                    u12_21 00B9                    u13_20 00C7  
                  u13_21 00C6                    _PORTB 0006                    _PORTD 0008  
                  _PORTE 0009                    _TRISA 0085                    _TRISB 0086  
                  _TRISD 0088                    _TRISE 0089                    _SSPIF 0063  
                  _cont1 007A                    _cont2 0079          __end_of_initOsc 0088  
                  _setup 0018                    pclath 000A          __end_of_spiInit 00F4  
                  status 0003                    wtemp0 007E          __initialization 000F  
           __end_of_main 013D                   ??_main 0076                   _ADRESH 001E  
                 ?_setup 0070                   _ANSELH 0189                   _TRISC3 043B  
                 _TRISC5 043D                   _SSPCON 0014                   _SSPBUF 0013  
              ??_initOsc 0073                   saved_w 007E         __end_of_spiWrite 0143  
              ??_spiInit 0076  __end_of__initialization 0014           __pcstackCOMMON 0070  
          __end_of_setup 0058                  ??_setup 0076               __pmaintext 012C  
             __pintentry 0004             initOsc@Valor 0073               _config_ADC 0112  
                _SSPSTAT 0094               _conversion 0088                ?_spiWrite 0070  
                __ptext1 0018                  __ptext2 00D6                  __ptext3 0058  
                __ptext4 0112                  __ptext5 0088                  __ptext6 00B4  
                __ptext7 013D                  __ptext8 00F4             __size_of_ADC 001E  
                _initOsc 0058             __size_of_isr 0022                  _spiInit 00D6  
   end_of_initialization 0014               ??_spiWrite 0070              ?_config_ADC 0073  
              _TRISAbits 0085              spiWrite@dat 0070              ?_conversion 0070  
    start_initialization 000F              __end_of_ADC 0112              __end_of_isr 00D6  
    __size_of_config_ADC 001A      __size_of_conversion 002C              __pbssCOMMON 0076  
              ___latbits 0002            __pcstackBANK0 0020        __size_of_spiWrite 0006  
      config_ADC@channel 0073                 ?_initOsc 0070                 ?_spiInit 0073  
         __size_of_setup 0040     spiInit@sTransmitEdge 0075        interrupt_function 0004  
               _PIE1bits 008C       spiInit@sDataSample 0073                 _PIR1bits 000C  
             _ADCON0bits 001F               _ADCON1bits 009F             ??_config_ADC 0075  
           ??_conversion 0073       __end_of_config_ADC 012C       __end_of_conversion 00B4  
       __size_of_initOsc 0030         __size_of_spiInit 001E            __size_of_main 0011  
               _spiWrite 013D             spiInit@sType 0020        spiInit@sClockIdle 0074  
             _INTCONbits 000B                 intlevel1 0000               _OSCCONbits 008F  
